Using pre-set license
Built from '2020.3/staging' branch; Version is '2020.3.13f1 (71691879b7f5) revision 7432472'; Using compiler version '192528614'; Build Type 'Release'
OS: 'Windows 10 Pro; OS build 19042.1165; Version 2009; 64bit' Language: 'ko' Physical Memory: 16284 MB
BatchMode: 1, IsHumanControllingUs: 0, StartBugReporterOnCrash: 0, Is64bit: 1, IsPro: 0

 COMMAND LINE ARGUMENTS:
E:\unity\2020.3.13f1\Editor\Unity.exe
-adb2
-batchMode
-noUpm
-name
AssetImportWorker0
-projectPath
E:/바탕화면/unity/AmazingBalling/AmazingBalling
-logFile
Logs/AssetImportWorker0.log
-srvPort
62711
Successfully changed project path to: E:/바탕화면/unity/AmazingBalling/AmazingBalling
E:/바탕화면/unity/AmazingBalling/AmazingBalling
Using Asset Import Pipeline V2.
Refreshing native plugins compatible for Editor in 48.67 ms, found 2 plugins.
Preloading 0 native plugins for Editor in 0.00 ms.
Initialize engine version: 2020.3.13f1 (71691879b7f5)
[Subsystems] Discovering subsystems at path E:/unity/2020.3.13f1/Editor/Data/Resources/UnitySubsystems
[Subsystems] Discovering subsystems at path E:/바탕화면/unity/AmazingBalling/AmazingBalling/Assets
GfxDevice: creating device client; threaded=0
Direct3D:
    Version:  Direct3D 11.0 [level 11.1]
    Renderer: NVIDIA GeForce GTX 1060 3GB (ID=0x1c02)
    Vendor:   
    VRAM:     2988 MB
    Driver:   27.21.14.5671
Initialize mono
Mono path[0] = 'E:/unity/2020.3.13f1/Editor/Data/Managed'
Mono path[1] = 'E:/unity/2020.3.13f1/Editor/Data/MonoBleedingEdge/lib/mono/unityjit'
Mono config path = 'E:/unity/2020.3.13f1/Editor/Data/MonoBleedingEdge/etc'
Using monoOptions --debugger-agent=transport=dt_socket,embedding=1,server=y,suspend=n,address=127.0.0.1:56668
Begin MonoManager ReloadAssembly
Registering precompiled unity dll's ...
Register platform support module: E:/unity/2020.3.13f1/Editor/Data/PlaybackEngines/WindowsStandaloneSupport/UnityEditor.WindowsStandalone.Extensions.dll
Registered in 0.002050 seconds.
Native extension for WindowsStandalone target not found
Refreshing native plugins compatible for Editor in 40.96 ms, found 2 plugins.
Preloading 0 native plugins for Editor in 0.00 ms.
Mono: successfully reloaded assembly
- Completed reload, in  3.057 seconds
Platform modules already initialized, skipping
Registering precompiled user dll's ...
Registered in 0.005893 seconds.
Begin MonoManager ReloadAssembly
Native extension for WindowsStandalone target not found
Refreshing native plugins compatible for Editor in 0.54 ms, found 2 plugins.
Preloading 0 native plugins for Editor in 0.00 ms.
Mono: successfully reloaded assembly
- Completed reload, in  1.291 seconds
Platform modules already initialized, skipping
========================================================================
Worker process is ready to serve import requests
Launched and connected shader compiler UnityShaderCompiler.exe after 0.12 seconds
Refreshing native plugins compatible for Editor in 0.46 ms, found 2 plugins.
Preloading 0 native plugins for Editor in 0.00 ms.
Unloading 1636 Unused Serialized files (Serialized files now loaded: 0)
System memory in use before: 156.4 MB.
System memory in use after: 156.5 MB.

Unloading 23 unused Assets to reduce memory usage. Loaded Objects now: 2083.
Total: 2.895400 ms (FindLiveObjects: 0.253000 ms CreateObjectMapping: 0.145800 ms MarkObjects: 2.370500 ms  DeleteObjects: 0.124700 ms)

AssetImportParameters requested are different than current active one (requested -> active):
  custom:framework-win-MediaFoundation: 216162199b28c13a410421893ffa2e32 -> 
  custom:video-decoder-ogg-theora: a1e56fd34408186e4bbccfd4996cb3dc -> 
  custom:container-muxer-webm: aa71ff27fc2769a1b78a27578f13a17b -> 
  custom:container-demuxer-webm: 4f35f7cbe854078d1ac9338744f61a02 -> 
  custom:container-demuxer-ogg: 62fdf1f143b41e24485cea50d1cbac27 -> 
  custom:video-encoder-webm-vp8: eb34c28f22e8b96e1ab97ce403110664 -> 
  custom:video-decoder-webm-vp8: 9c59270c3fd7afecdb556c50c9e8de78 -> 
  custom:audio-decoder-ogg-vorbis: bf7c407c2cedff20999df2af8eb42d56 -> 
  custom:audio-encoder-webm-vorbis: bf7c407c2cedff20999df2af8eb42d56 -> 
========================================================================
Received Import Request.
  path: Assets/Material
  artifactKey: Guid(f5555b031396bcc4b82aad9d8ce36c6b) Importer(815301076,1909f56bfc062723c751e8b465ee728b)
Start importing Assets/Material using Guid(f5555b031396bcc4b82aad9d8ce36c6b) Importer(815301076,1909f56bfc062723c751e8b465ee728b)  -> (artifact id: '73c44049db4b8e9106d0cf9c78a982bb') in 0.006665 seconds 
  Import took 0.016752 seconds .

========================================================================
Received Import Request.
  Time since last request: 6.192878 seconds.
  path: Assets/Shared
  artifactKey: Guid(d20707e94d6582c4bb82c70bda7918f0) Importer(815301076,1909f56bfc062723c751e8b465ee728b)
Start importing Assets/Shared using Guid(d20707e94d6582c4bb82c70bda7918f0) Importer(815301076,1909f56bfc062723c751e8b465ee728b)  -> (artifact id: 'aad725b962ebaa6d1b0e8fbbb2088ebf') in 0.004434 seconds 
  Import took 0.026739 seconds .

========================================================================
Received Import Request.
  Time since last request: 0.289847 seconds.
  path: Assets/Music
  artifactKey: Guid(3c4893f945d925f4f803da9a636b9c4e) Importer(815301076,1909f56bfc062723c751e8b465ee728b)
Start importing Assets/Music using Guid(3c4893f945d925f4f803da9a636b9c4e) Importer(815301076,1909f56bfc062723c751e8b465ee728b)  -> (artifact id: '47874e5fe7fc4aaae7030b6eb241f4ce') in 0.006638 seconds 
  Import took 0.017931 seconds .

========================================================================
Received Import Request.
  Time since last request: 97.431966 seconds.
  path: Assets
  artifactKey: Guid(00000000000000001000000000000000) Importer(815301076,1909f56bfc062723c751e8b465ee728b)
Start importing Assets using Guid(00000000000000001000000000000000) Importer(815301076,1909f56bfc062723c751e8b465ee728b)  -> (artifact id: '42d402b061de3733987d63b9cc3b64de') in 0.004287 seconds 
  Import took 0.042654 seconds .

========================================================================
Received Import Request.
  Time since last request: 3.425609 seconds.
  path: Assets/Scripts
  artifactKey: Guid(cf7eae39ca5f8b6428d4759547b56b71) Importer(815301076,1909f56bfc062723c751e8b465ee728b)
Start importing Assets/Scripts using Guid(cf7eae39ca5f8b6428d4759547b56b71) Importer(815301076,1909f56bfc062723c751e8b465ee728b)  -> (artifact id: '3d39e1098d8d504102e155d603f08983') in 0.003854 seconds 
  Import took 0.017342 seconds .

========================================================================
Received Import Request.
  Time since last request: 10.748880 seconds.
  path: Assets/Scripts/ShooterRotator.cs
  artifactKey: Guid(7ad6fd8f7685e2d44a806f359c373161) Importer(815301076,1909f56bfc062723c751e8b465ee728b)
Start importing Assets/Scripts/ShooterRotator.cs using Guid(7ad6fd8f7685e2d44a806f359c373161) Importer(815301076,1909f56bfc062723c751e8b465ee728b)  -> (artifact id: '5ebff5750995fba39ccf021431d09e7f') in 0.124577 seconds 
  Import took 0.154597 seconds .

